<?xml version="1.0" encoding="UTF-8"?>
<!-- Generated by org.testng.reporters.JUnitReportReporter -->
<testsuite hostname="rajesh-PC" name="com.tests.project.security.DDoS_SecurityTests" tests="1" failures="0" timestamp="5 Apr 2017 19:55:25 GMT" time="14.292" errors="0">
  <testcase name="testSubmitDDoSConfiguration" time="14.292" classname="com.tests.project.security.DDoS_SecurityTests"/>
</testsuite> <!-- com.tests.project.security.DDoS_SecurityTests -->
